INFO main de.htwg.xiangqi.view.tui - 
   0   1   2   3   4   5   6   7   8
0 [BR][BH][BE][BA][BG][BA][BE][BH][BR]
1 [  ][  ][  ][  ][  ][  ][  ][  ][  ]
2 [  ][BC][  ][  ][  ][  ][  ][BC][  ]
3 [BS][  ][BS][  ][BS][  ][BS][  ][BS]
4 [  ][  ][  ][  ][  ][  ][  ][  ][  ]
5 [  ][  ][  ][  ][  ][  ][  ][  ][  ]
6 [RS][  ][RS][  ][RS][  ][RS][  ][RS]
7 [  ][RC][  ][  ][  ][  ][  ][RC][  ]
8 [  ][  ][  ][  ][  ][  ][  ][  ][  ]
9 [RR][RH][RE][RA][RG][RA][RE][RH][RR]

INFO main de.htwg.xiangqi.view.tui - 
1: Player Red, choose piece and point: 
INFO AWT-EventQueue-0 de.htwg.xiangqi.view.tui - 
   0   1   2   3   4   5   6   7   8
0 [BR][BH][BE][BA][BG][BA][BE][BH][BR]
1 [  ][  ][  ][  ][  ][  ][  ][  ][  ]
2 [  ][BC][  ][  ][  ][  ][  ][BC][  ]
3 [BS][  ][BS][  ][BS][  ][BS][  ][BS]
4 [  ][  ][  ][  ][  ][  ][  ][  ][  ]
5 [  ][  ][  ][  ][  ][  ][  ][  ][  ]
6 [RS][  ][RS][  ][RS][  ][RS][  ][RS]
7 [  ][RC][  ][  ][  ][  ][  ][RC][  ]
8 [RR][  ][  ][  ][  ][  ][  ][  ][  ]
9 [  ][RH][RE][RA][RG][RA][RE][RH][RR]

INFO AWT-EventQueue-0 de.htwg.xiangqi.view.tui - 
2: Player Black, choose piece and point: 
INFO main de.htwg.xiangqi.view.tui - 
   0   1   2   3   4   5   6   7   8
0 [BR][BH][BE][BA][BG][BA][BE][BH][BR]
1 [  ][  ][  ][  ][  ][  ][  ][  ][  ]
2 [  ][  ][  ][  ][  ][  ][  ][BC][  ]
3 [BS][  ][BS][  ][BS][  ][BS][  ][BS]
4 [  ][  ][  ][  ][  ][  ][  ][  ][  ]
5 [  ][  ][  ][  ][  ][  ][  ][  ][  ]
6 [RS][  ][RS][  ][RS][  ][RS][  ][RS]
7 [  ][RC][  ][  ][  ][  ][  ][RC][  ]
8 [RR][  ][  ][  ][  ][  ][  ][  ][  ]
9 [  ][BC][RE][RA][RG][RA][RE][RH][RR]

INFO main de.htwg.xiangqi.view.tui - 
3: Player Red, choose piece and point: 
INFO AWT-EventQueue-0 de.htwg.xiangqi.view.tui - 
   0   1   2   3   4   5   6   7   8
0 [BR][BH][BE][BA][BG][BA][BE][RC][BR]
1 [  ][  ][  ][  ][  ][  ][  ][  ][  ]
2 [  ][  ][  ][  ][  ][  ][  ][BC][  ]
3 [BS][  ][BS][  ][BS][  ][BS][  ][BS]
4 [  ][  ][  ][  ][  ][  ][  ][  ][  ]
5 [  ][  ][  ][  ][  ][  ][  ][  ][  ]
6 [RS][  ][RS][  ][RS][  ][RS][  ][RS]
7 [  ][RC][  ][  ][  ][  ][  ][  ][  ]
8 [RR][  ][  ][  ][  ][  ][  ][  ][  ]
9 [  ][BC][RE][RA][RG][RA][RE][RH][RR]

INFO AWT-EventQueue-0 de.htwg.xiangqi.view.tui - 
4: Player Black, choose piece and point: 
INFO AWT-EventQueue-0 de.htwg.xiangqi.view.tui - 
Input error (1 7 1 5):
No piece on chosen point!

INFO AWT-EventQueue-0 de.htwg.xiangqi.view.tui - 
4: Player Black, choose piece and point: 
INFO AWT-EventQueue-0 de.htwg.xiangqi.view.tui - 
Input error (0 7 0 5):
Invalid choose of piece, choose your own piece!

INFO AWT-EventQueue-0 de.htwg.xiangqi.view.tui - 
4: Player Black, choose piece and point: 
INFO AWT-EventQueue-0 de.htwg.xiangqi.view.tui - 
   0   1   2   3   4   5   6   7   8
0 [BR][BH][BE][BA][BG][BA][BE][RC][BR]
1 [  ][  ][  ][  ][  ][  ][  ][  ][  ]
2 [  ][  ][  ][  ][  ][  ][  ][BC][  ]
3 [BS][  ][BS][  ][BS][  ][BS][  ][BS]
4 [  ][  ][  ][  ][  ][  ][  ][  ][  ]
5 [  ][  ][  ][  ][  ][  ][  ][  ][  ]
6 [RS][  ][RS][  ][RS][  ][RS][  ][RS]
7 [  ][RC][  ][  ][  ][  ][  ][  ][  ]
8 [RR][  ][  ][  ][  ][  ][  ][  ][  ]
9 [  ][  ][RE][BC][RG][RA][RE][RH][RR]

INFO AWT-EventQueue-0 de.htwg.xiangqi.view.tui - 
5: Player Red, choose piece and point: 
INFO AWT-EventQueue-0 de.htwg.xiangqi.view.tui - 
   0   1   2   3   4   5   6   7   8
0 [BR][BH][BE][BA][BG][RC][BE][  ][BR]
1 [  ][  ][  ][  ][  ][  ][  ][  ][  ]
2 [  ][  ][  ][  ][  ][  ][  ][BC][  ]
3 [BS][  ][BS][  ][BS][  ][BS][  ][BS]
4 [  ][  ][  ][  ][  ][  ][  ][  ][  ]
5 [  ][  ][  ][  ][  ][  ][  ][  ][  ]
6 [RS][  ][RS][  ][RS][  ][RS][  ][RS]
7 [  ][RC][  ][  ][  ][  ][  ][  ][  ]
8 [RR][  ][  ][  ][  ][  ][  ][  ][  ]
9 [  ][  ][RE][BC][RG][RA][RE][RH][RR]

INFO AWT-EventQueue-0 de.htwg.xiangqi.view.tui - 
6: Player Black, choose piece and point: 
INFO AWT-EventQueue-0 de.htwg.xiangqi.view.tui - 
   0   1   2   3   4   5   6   7   8
0 [BR][BH][BE][BA][  ][BG][BE][  ][BR]
1 [  ][  ][  ][  ][  ][  ][  ][  ][  ]
2 [  ][  ][  ][  ][  ][  ][  ][BC][  ]
3 [BS][  ][BS][  ][BS][  ][BS][  ][BS]
4 [  ][  ][  ][  ][  ][  ][  ][  ][  ]
5 [  ][  ][  ][  ][  ][  ][  ][  ][  ]
6 [RS][  ][RS][  ][RS][  ][RS][  ][RS]
7 [  ][RC][  ][  ][  ][  ][  ][  ][  ]
8 [RR][  ][  ][  ][  ][  ][  ][  ][  ]
9 [  ][  ][RE][BC][RG][RA][RE][RH][RR]

INFO AWT-EventQueue-0 de.htwg.xiangqi.view.tui - 
7: Player Red, choose piece and point: 
INFO AWT-EventQueue-0 de.htwg.xiangqi.view.tui - 
   0   1   2   3   4   5   6   7   8
0 [BR][BH][BE][BA][  ][BG][BE][  ][BR]
1 [  ][  ][  ][  ][  ][  ][  ][  ][  ]
2 [  ][  ][  ][  ][  ][  ][  ][BC][  ]
3 [BS][  ][BS][  ][BS][  ][BS][  ][BS]
4 [  ][  ][  ][  ][  ][  ][  ][  ][  ]
5 [  ][  ][  ][  ][  ][  ][  ][  ][  ]
6 [RS][  ][RS][  ][RS][  ][RS][  ][RS]
7 [  ][RC][  ][  ][  ][  ][  ][  ][  ]
8 [RR][  ][  ][  ][  ][  ][  ][  ][  ]
9 [  ][  ][RE][RG][  ][RA][RE][RH][RR]

INFO AWT-EventQueue-0 de.htwg.xiangqi.view.tui - 
8: Player Black, choose piece and point: 
INFO AWT-EventQueue-0 de.htwg.xiangqi.view.tui - 
   0   1   2   3   4   5   6   7   8
0 [BR][BH][  ][BA][  ][BG][BE][  ][BR]
1 [  ][  ][  ][  ][  ][  ][  ][  ][  ]
2 [  ][  ][  ][  ][BE][  ][  ][BC][  ]
3 [BS][  ][BS][  ][BS][  ][BS][  ][BS]
4 [  ][  ][  ][  ][  ][  ][  ][  ][  ]
5 [  ][  ][  ][  ][  ][  ][  ][  ][  ]
6 [RS][  ][RS][  ][RS][  ][RS][  ][RS]
7 [  ][RC][  ][  ][  ][  ][  ][  ][  ]
8 [RR][  ][  ][  ][  ][  ][  ][  ][  ]
9 [  ][  ][RE][RG][  ][RA][RE][RH][RR]

INFO AWT-EventQueue-0 de.htwg.xiangqi.view.tui - 
9: Player Red, choose piece and point: 
INFO AWT-EventQueue-0 de.htwg.xiangqi.view.tui - 
   0   1   2   3   4   5   6   7   8
0 [BR][BH][  ][BA][  ][BG][BE][  ][BR]
1 [  ][  ][  ][  ][  ][  ][  ][  ][  ]
2 [  ][  ][  ][  ][BE][  ][  ][BC][  ]
3 [BS][  ][BS][  ][BS][  ][BS][  ][BS]
4 [  ][  ][  ][  ][  ][  ][  ][  ][  ]
5 [  ][  ][  ][  ][  ][  ][  ][  ][  ]
6 [RS][  ][RS][  ][RS][  ][RS][  ][RS]
7 [  ][RC][  ][  ][  ][  ][  ][  ][  ]
8 [  ][  ][  ][RR][  ][  ][  ][  ][  ]
9 [  ][  ][RE][RG][  ][RA][RE][RH][RR]

INFO AWT-EventQueue-0 de.htwg.xiangqi.view.tui - 
10: Player Black, choose piece and point: 
INFO AWT-EventQueue-0 de.htwg.xiangqi.view.tui - 
   0   1   2   3   4   5   6   7   8
0 [BR][BH][  ][  ][  ][BG][BE][  ][BR]
1 [  ][  ][  ][  ][BA][  ][  ][  ][  ]
2 [  ][  ][  ][  ][BE][  ][  ][BC][  ]
3 [BS][  ][BS][  ][BS][  ][BS][  ][BS]
4 [  ][  ][  ][  ][  ][  ][  ][  ][  ]
5 [  ][  ][  ][  ][  ][  ][  ][  ][  ]
6 [RS][  ][RS][  ][RS][  ][RS][  ][RS]
7 [  ][RC][  ][  ][  ][  ][  ][  ][  ]
8 [  ][  ][  ][RR][  ][  ][  ][  ][  ]
9 [  ][  ][RE][RG][  ][RA][RE][RH][RR]

INFO AWT-EventQueue-0 de.htwg.xiangqi.view.tui - 
11: Player Red, choose piece and point: 
INFO AWT-EventQueue-0 de.htwg.xiangqi.view.tui - 
   0   1   2   3   4   5   6   7   8
0 [BR][BH][  ][  ][  ][BG][BE][  ][BR]
1 [  ][  ][  ][  ][BA][  ][  ][  ][  ]
2 [  ][  ][  ][  ][BE][  ][  ][BC][  ]
3 [BS][  ][BS][  ][BS][  ][BS][  ][BS]
4 [  ][  ][  ][  ][  ][  ][  ][  ][  ]
5 [  ][  ][RS][  ][  ][  ][  ][  ][  ]
6 [RS][  ][  ][  ][RS][  ][RS][  ][RS]
7 [  ][RC][  ][  ][  ][  ][  ][  ][  ]
8 [  ][  ][  ][RR][  ][  ][  ][  ][  ]
9 [  ][  ][RE][RG][  ][RA][RE][RH][RR]

INFO AWT-EventQueue-0 de.htwg.xiangqi.view.tui - 
12: Player Black, choose piece and point: 
INFO AWT-EventQueue-0 de.htwg.xiangqi.view.tui - 
Input error (8 3 3 3):
Invalid choose of piece, choose your own piece!

INFO AWT-EventQueue-0 de.htwg.xiangqi.view.tui - 
12: Player Black, choose piece and point: 
INFO AWT-EventQueue-0 de.htwg.xiangqi.view.tui - 
   0   1   2   3   4   5   6   7   8
0 [BR][BH][  ][  ][  ][BG][BE][  ][BR]
1 [  ][  ][  ][  ][  ][  ][  ][  ][  ]
2 [  ][  ][  ][  ][BE][BA][  ][BC][  ]
3 [BS][  ][BS][  ][BS][  ][BS][  ][BS]
4 [  ][  ][  ][  ][  ][  ][  ][  ][  ]
5 [  ][  ][RS][  ][  ][  ][  ][  ][  ]
6 [RS][  ][  ][  ][RS][  ][RS][  ][RS]
7 [  ][RC][  ][  ][  ][  ][  ][  ][  ]
8 [  ][  ][  ][RR][  ][  ][  ][  ][  ]
9 [  ][  ][RE][RG][  ][RA][RE][RH][RR]

INFO AWT-EventQueue-0 de.htwg.xiangqi.view.tui - 
13: Player Red, choose piece and point: 
INFO AWT-EventQueue-0 de.htwg.xiangqi.view.tui - 
   0   1   2   3   4   5   6   7   8
0 [BR][BH][  ][  ][  ][BG][BE][  ][BR]
1 [  ][  ][  ][  ][  ][  ][  ][  ][  ]
2 [  ][  ][  ][  ][BE][BA][  ][BC][  ]
3 [BS][  ][BS][RR][BS][  ][BS][  ][BS]
4 [  ][  ][  ][  ][  ][  ][  ][  ][  ]
5 [  ][  ][RS][  ][  ][  ][  ][  ][  ]
6 [RS][  ][  ][  ][RS][  ][RS][  ][RS]
7 [  ][RC][  ][  ][  ][  ][  ][  ][  ]
8 [  ][  ][  ][  ][  ][  ][  ][  ][  ]
9 [  ][  ][RE][RG][  ][RA][RE][RH][RR]

INFO AWT-EventQueue-0 de.htwg.xiangqi.view.tui - 
14: Player Black, choose piece and point: 
INFO AWT-EventQueue-0 de.htwg.xiangqi.view.tui - 
   0   1   2   3   4   5   6   7   8
0 [BR][  ][  ][  ][  ][BG][BE][  ][BR]
1 [  ][  ][  ][  ][  ][  ][  ][  ][  ]
2 [BH][  ][  ][  ][BE][BA][  ][BC][  ]
3 [BS][  ][BS][RR][BS][  ][BS][  ][BS]
4 [  ][  ][  ][  ][  ][  ][  ][  ][  ]
5 [  ][  ][RS][  ][  ][  ][  ][  ][  ]
6 [RS][  ][  ][  ][RS][  ][RS][  ][RS]
7 [  ][RC][  ][  ][  ][  ][  ][  ][  ]
8 [  ][  ][  ][  ][  ][  ][  ][  ][  ]
9 [  ][  ][RE][RG][  ][RA][RE][RH][RR]

INFO AWT-EventQueue-0 de.htwg.xiangqi.view.tui - 
15: Player Red, choose piece and point: 
INFO AWT-EventQueue-0 de.htwg.xiangqi.view.tui - 
   0   1   2   3   4   5   6   7   8
0 [BR][  ][  ][  ][  ][BG][BE][  ][BR]
1 [  ][  ][  ][  ][  ][  ][  ][  ][  ]
2 [BH][  ][  ][  ][BE][BA][  ][BC][  ]
3 [BS][  ][BS][RR][BS][  ][BS][  ][BS]
4 [  ][  ][RS][  ][  ][  ][  ][  ][  ]
5 [  ][  ][  ][  ][  ][  ][  ][  ][  ]
6 [RS][  ][  ][  ][RS][  ][RS][  ][RS]
7 [  ][RC][  ][  ][  ][  ][  ][  ][  ]
8 [  ][  ][  ][  ][  ][  ][  ][  ][  ]
9 [  ][  ][RE][RG][  ][RA][RE][RH][RR]

INFO AWT-EventQueue-0 de.htwg.xiangqi.view.tui - 
16: Player Black, choose piece and point: 
INFO AWT-EventQueue-0 de.htwg.xiangqi.view.tui - 
   0   1   2   3   4   5   6   7   8
0 [  ][  ][BR][  ][  ][BG][BE][  ][BR]
1 [  ][  ][  ][  ][  ][  ][  ][  ][  ]
2 [BH][  ][  ][  ][BE][BA][  ][BC][  ]
3 [BS][  ][BS][RR][BS][  ][BS][  ][BS]
4 [  ][  ][RS][  ][  ][  ][  ][  ][  ]
5 [  ][  ][  ][  ][  ][  ][  ][  ][  ]
6 [RS][  ][  ][  ][RS][  ][RS][  ][RS]
7 [  ][RC][  ][  ][  ][  ][  ][  ][  ]
8 [  ][  ][  ][  ][  ][  ][  ][  ][  ]
9 [  ][  ][RE][RG][  ][RA][RE][RH][RR]

INFO AWT-EventQueue-0 de.htwg.xiangqi.view.tui - 
17: Player Red, choose piece and point: 
INFO AWT-EventQueue-0 de.htwg.xiangqi.view.tui - 
   0   1   2   3   4   5   6   7   8
0 [  ][  ][BR][RR][  ][BG][BE][  ][BR]
1 [  ][  ][  ][  ][  ][  ][  ][  ][  ]
2 [BH][  ][  ][  ][BE][BA][  ][BC][  ]
3 [BS][  ][BS][  ][BS][  ][BS][  ][BS]
4 [  ][  ][RS][  ][  ][  ][  ][  ][  ]
5 [  ][  ][  ][  ][  ][  ][  ][  ][  ]
6 [RS][  ][  ][  ][RS][  ][RS][  ][RS]
7 [  ][RC][  ][  ][  ][  ][  ][  ][  ]
8 [  ][  ][  ][  ][  ][  ][  ][  ][  ]
9 [  ][  ][RE][RG][  ][RA][RE][RH][RR]

INFO AWT-EventQueue-0 de.htwg.xiangqi.view.tui - 
18: Player Black, choose piece and point: 
INFO AWT-EventQueue-0 de.htwg.xiangqi.view.tui - 
   0   1   2   3   4   5   6   7   8
0 [  ][  ][BR][RR][  ][BG][BE][  ][BR]
1 [  ][  ][  ][  ][  ][  ][  ][  ][  ]
2 [BH][  ][  ][  ][BE][BA][  ][BC][  ]
3 [BS][  ][  ][  ][BS][  ][BS][  ][BS]
4 [  ][  ][BS][  ][  ][  ][  ][  ][  ]
5 [  ][  ][  ][  ][  ][  ][  ][  ][  ]
6 [RS][  ][  ][  ][RS][  ][RS][  ][RS]
7 [  ][RC][  ][  ][  ][  ][  ][  ][  ]
8 [  ][  ][  ][  ][  ][  ][  ][  ][  ]
9 [  ][  ][RE][RG][  ][RA][RE][RH][RR]

INFO AWT-EventQueue-0 de.htwg.xiangqi.view.tui - 
19: Player Red, choose piece and point: 
INFO AWT-EventQueue-0 de.htwg.xiangqi.view.tui - 
   0   1   2   3   4   5   6   7   8
0 [  ][  ][BR][  ][  ][RR][BE][  ][BR]
1 [  ][  ][  ][  ][  ][  ][  ][  ][  ]
2 [BH][  ][  ][  ][BE][BA][  ][BC][  ]
3 [BS][  ][  ][  ][BS][  ][BS][  ][BS]
4 [  ][  ][BS][  ][  ][  ][  ][  ][  ]
5 [  ][  ][  ][  ][  ][  ][  ][  ][  ]
6 [RS][  ][  ][  ][RS][  ][RS][  ][RS]
7 [  ][RC][  ][  ][  ][  ][  ][  ][  ]
8 [  ][  ][  ][  ][  ][  ][  ][  ][  ]
9 [  ][  ][RE][RG][  ][RA][RE][RH][RR]

INFO AWT-EventQueue-0 de.htwg.xiangqi.view.tui - 
Congratulation player red, you are the winner!
INFO main de.htwg.xiangqi.view.tui - 
   0   1   2   3   4   5   6   7   8
0 [BR][BH][BE][BA][BG][BA][BE][BH][BR]
1 [  ][  ][  ][  ][  ][  ][  ][  ][  ]
2 [  ][BC][  ][  ][  ][  ][  ][BC][  ]
3 [BS][  ][BS][  ][BS][  ][BS][  ][BS]
4 [  ][  ][  ][  ][  ][  ][  ][  ][  ]
5 [  ][  ][  ][  ][  ][  ][  ][  ][  ]
6 [RS][  ][RS][  ][RS][  ][RS][  ][RS]
7 [  ][RC][  ][  ][  ][  ][  ][RC][  ]
8 [  ][  ][  ][  ][  ][  ][  ][  ][  ]
9 [RR][RH][RE][RA][RG][RA][RE][RH][RR]

INFO main de.htwg.xiangqi.view.tui - 
1: Player Red, choose piece and point: 
INFO AWT-EventQueue-0 de.htwg.xiangqi.view.tui - 
   0   1   2   3   4   5   6   7   8
0 [BR][BH][BE][BA][BG][BA][BE][BH][BR]
1 [  ][  ][  ][  ][  ][  ][  ][  ][  ]
2 [  ][BC][  ][  ][  ][  ][  ][BC][  ]
3 [BS][  ][BS][  ][BS][  ][BS][  ][BS]
4 [  ][  ][  ][  ][  ][  ][  ][  ][  ]
5 [  ][  ][  ][  ][  ][  ][  ][  ][  ]
6 [RS][  ][RS][  ][RS][  ][RS][  ][RS]
7 [  ][RC][  ][  ][  ][  ][  ][RC][  ]
8 [RR][  ][  ][  ][  ][  ][  ][  ][  ]
9 [  ][RH][RE][RA][RG][RA][RE][RH][RR]

INFO AWT-EventQueue-0 de.htwg.xiangqi.view.tui - 
2: Player Black, choose piece and point: 
INFO AWT-EventQueue-0 de.htwg.xiangqi.view.tui - 
   0   1   2   3   4   5   6   7   8
0 [BR][BH][BE][BA][  ][BA][BE][BH][BR]
1 [  ][  ][  ][  ][BG][  ][  ][  ][  ]
2 [  ][BC][  ][  ][  ][  ][  ][BC][  ]
3 [BS][  ][BS][  ][BS][  ][BS][  ][BS]
4 [  ][  ][  ][  ][  ][  ][  ][  ][  ]
5 [  ][  ][  ][  ][  ][  ][  ][  ][  ]
6 [RS][  ][RS][  ][RS][  ][RS][  ][RS]
7 [  ][RC][  ][  ][  ][  ][  ][RC][  ]
8 [RR][  ][  ][  ][  ][  ][  ][  ][  ]
9 [  ][RH][RE][RA][RG][RA][RE][RH][RR]

INFO AWT-EventQueue-0 de.htwg.xiangqi.view.tui - 
3: Player Red, choose piece and point: 
INFO AWT-EventQueue-0 de.htwg.xiangqi.view.tui - 
   0   1   2   3   4   5   6   7   8
0 [BR][BH][BE][BA][  ][BA][BE][BH][BR]
1 [  ][  ][  ][  ][BG][  ][  ][  ][  ]
2 [  ][BC][  ][  ][  ][  ][  ][BC][  ]
3 [BS][  ][BS][  ][BS][  ][BS][  ][BS]
4 [  ][  ][  ][  ][  ][  ][  ][  ][  ]
5 [  ][  ][  ][  ][  ][  ][  ][  ][  ]
6 [RS][  ][RS][  ][RS][  ][RS][  ][RS]
7 [  ][RC][  ][  ][  ][  ][  ][RC][  ]
8 [  ][  ][  ][RR][  ][  ][  ][  ][  ]
9 [  ][RH][RE][RA][RG][RA][RE][RH][RR]

INFO AWT-EventQueue-0 de.htwg.xiangqi.view.tui - 
4: Player Black, choose piece and point: 
INFO AWT-EventQueue-0 de.htwg.xiangqi.view.tui - 
   0   1   2   3   4   5   6   7   8
0 [BR][BH][BE][BA][  ][BA][BE][BH][BR]
1 [  ][  ][  ][BG][  ][  ][  ][  ][  ]
2 [  ][BC][  ][  ][  ][  ][  ][BC][  ]
3 [BS][  ][BS][  ][BS][  ][BS][  ][BS]
4 [  ][  ][  ][  ][  ][  ][  ][  ][  ]
5 [  ][  ][  ][  ][  ][  ][  ][  ][  ]
6 [RS][  ][RS][  ][RS][  ][RS][  ][RS]
7 [  ][RC][  ][  ][  ][  ][  ][RC][  ]
8 [  ][  ][  ][RR][  ][  ][  ][  ][  ]
9 [  ][RH][RE][RA][RG][RA][RE][RH][RR]

INFO AWT-EventQueue-0 de.htwg.xiangqi.view.tui - 
5: Player Red, choose piece and point: 
INFO AWT-EventQueue-0 de.htwg.xiangqi.view.tui - 
   0   1   2   3   4   5   6   7   8
0 [BR][BH][BE][BA][  ][BA][BE][BH][BR]
1 [  ][  ][  ][RR][  ][  ][  ][  ][  ]
2 [  ][BC][  ][  ][  ][  ][  ][BC][  ]
3 [BS][  ][BS][  ][BS][  ][BS][  ][BS]
4 [  ][  ][  ][  ][  ][  ][  ][  ][  ]
5 [  ][  ][  ][  ][  ][  ][  ][  ][  ]
6 [RS][  ][RS][  ][RS][  ][RS][  ][RS]
7 [  ][RC][  ][  ][  ][  ][  ][RC][  ]
8 [  ][  ][  ][  ][  ][  ][  ][  ][  ]
9 [  ][RH][RE][RA][RG][RA][RE][RH][RR]

INFO AWT-EventQueue-0 de.htwg.xiangqi.view.tui - 
Congratulation player red, you are the winner!
INFO main de.htwg.xiangqi.view.tui - 
   0   1   2   3   4   5   6   7   8
0 [BR][BH][BE][BA][BG][BA][BE][BH][BR]
1 [  ][  ][  ][  ][  ][  ][  ][  ][  ]
2 [  ][BC][  ][  ][  ][  ][  ][BC][  ]
3 [BS][  ][BS][  ][BS][  ][BS][  ][BS]
4 [  ][  ][  ][  ][  ][  ][  ][  ][  ]
5 [  ][  ][  ][  ][  ][  ][  ][  ][  ]
6 [RS][  ][RS][  ][RS][  ][RS][  ][RS]
7 [  ][RC][  ][  ][  ][  ][  ][RC][  ]
8 [  ][  ][  ][  ][  ][  ][  ][  ][  ]
9 [RR][RH][RE][RA][RG][RA][RE][RH][RR]

INFO main de.htwg.xiangqi.view.tui - 
1: Player Red, choose piece and point: 
INFO AWT-EventQueue-0 de.htwg.xiangqi.view.tui - 
   0   1   2   3   4   5   6   7   8
0 [BR][BH][BE][BA][BG][BA][BE][BH][BR]
1 [  ][  ][  ][  ][  ][  ][  ][  ][  ]
2 [  ][BC][  ][  ][  ][  ][  ][BC][  ]
3 [BS][  ][BS][  ][BS][  ][BS][  ][BS]
4 [  ][  ][  ][  ][  ][  ][  ][  ][  ]
5 [  ][  ][  ][  ][  ][  ][  ][  ][  ]
6 [RS][  ][RS][  ][RS][  ][RS][  ][RS]
7 [  ][RC][  ][  ][  ][  ][  ][RC][  ]
8 [  ][  ][  ][  ][RG][  ][  ][  ][  ]
9 [RR][RH][RE][RA][  ][RA][RE][RH][RR]

INFO AWT-EventQueue-0 de.htwg.xiangqi.view.tui - 
2: Player Black, choose piece and point: 
INFO AWT-EventQueue-0 de.htwg.xiangqi.view.tui - 
   0   1   2   3   4   5   6   7   8
0 [BR][BH][BE][BA][BG][BA][BE][BH][  ]
1 [  ][  ][  ][  ][  ][  ][  ][  ][BR]
2 [  ][BC][  ][  ][  ][  ][  ][BC][  ]
3 [BS][  ][BS][  ][BS][  ][BS][  ][BS]
4 [  ][  ][  ][  ][  ][  ][  ][  ][  ]
5 [  ][  ][  ][  ][  ][  ][  ][  ][  ]
6 [RS][  ][RS][  ][RS][  ][RS][  ][RS]
7 [  ][RC][  ][  ][  ][  ][  ][RC][  ]
8 [  ][  ][  ][  ][RG][  ][  ][  ][  ]
9 [RR][RH][RE][RA][  ][RA][RE][RH][RR]

INFO AWT-EventQueue-0 de.htwg.xiangqi.view.tui - 
3: Player Red, choose piece and point: 
INFO AWT-EventQueue-0 de.htwg.xiangqi.view.tui - 
   0   1   2   3   4   5   6   7   8
0 [BR][BH][BE][BA][BG][BA][BE][BH][  ]
1 [  ][  ][  ][  ][  ][  ][  ][  ][BR]
2 [  ][BC][  ][  ][  ][  ][  ][BC][  ]
3 [BS][  ][BS][  ][BS][  ][BS][  ][BS]
4 [  ][  ][  ][  ][  ][  ][  ][  ][  ]
5 [  ][  ][  ][  ][  ][  ][  ][  ][  ]
6 [RS][  ][RS][  ][RS][  ][RS][  ][RS]
7 [  ][RC][  ][  ][  ][  ][  ][RC][  ]
8 [  ][  ][  ][  ][  ][RG][  ][  ][  ]
9 [RR][RH][RE][RA][  ][RA][RE][RH][RR]

INFO AWT-EventQueue-0 de.htwg.xiangqi.view.tui - 
4: Player Black, choose piece and point: 
INFO AWT-EventQueue-0 de.htwg.xiangqi.view.tui - 
   0   1   2   3   4   5   6   7   8
0 [BR][BH][BE][BA][BG][BA][BE][BH][  ]
1 [  ][  ][  ][  ][  ][BR][  ][  ][  ]
2 [  ][BC][  ][  ][  ][  ][  ][BC][  ]
3 [BS][  ][BS][  ][BS][  ][BS][  ][BS]
4 [  ][  ][  ][  ][  ][  ][  ][  ][  ]
5 [  ][  ][  ][  ][  ][  ][  ][  ][  ]
6 [RS][  ][RS][  ][RS][  ][RS][  ][RS]
7 [  ][RC][  ][  ][  ][  ][  ][RC][  ]
8 [  ][  ][  ][  ][  ][RG][  ][  ][  ]
9 [RR][RH][RE][RA][  ][RA][RE][RH][RR]

INFO AWT-EventQueue-0 de.htwg.xiangqi.view.tui - 
5: Player Red, choose piece and point: 
INFO AWT-EventQueue-0 de.htwg.xiangqi.view.tui - 
   0   1   2   3   4   5   6   7   8
0 [BR][BH][BE][BA][BG][BA][BE][RC][  ]
1 [  ][  ][  ][  ][  ][BR][  ][  ][  ]
2 [  ][BC][  ][  ][  ][  ][  ][BC][  ]
3 [BS][  ][BS][  ][BS][  ][BS][  ][BS]
4 [  ][  ][  ][  ][  ][  ][  ][  ][  ]
5 [  ][  ][  ][  ][  ][  ][  ][  ][  ]
6 [RS][  ][RS][  ][RS][  ][RS][  ][RS]
7 [  ][RC][  ][  ][  ][  ][  ][  ][  ]
8 [  ][  ][  ][  ][  ][RG][  ][  ][  ]
9 [RR][RH][RE][RA][  ][RA][RE][RH][RR]

INFO AWT-EventQueue-0 de.htwg.xiangqi.view.tui - 
6: Player Black, choose piece and point: 
INFO AWT-EventQueue-0 de.htwg.xiangqi.view.tui - 
   0   1   2   3   4   5   6   7   8
0 [BR][BH][BE][BA][BG][BA][BE][RC][  ]
1 [  ][  ][  ][  ][  ][  ][  ][  ][  ]
2 [  ][BC][  ][  ][  ][  ][  ][BC][  ]
3 [BS][  ][BS][  ][BS][  ][BS][  ][BS]
4 [  ][  ][  ][  ][  ][  ][  ][  ][  ]
5 [  ][  ][  ][  ][  ][  ][  ][  ][  ]
6 [RS][  ][RS][  ][RS][  ][RS][  ][RS]
7 [  ][RC][  ][  ][  ][  ][  ][  ][  ]
8 [  ][  ][  ][  ][  ][BR][  ][  ][  ]
9 [RR][RH][RE][RA][  ][RA][RE][RH][RR]

INFO AWT-EventQueue-0 de.htwg.xiangqi.view.tui - 
Congratulation player black, you are the winner!
INFO main de.htwg.xiangqi.view.tui - 
   0   1   2   3   4   5   6   7   8
0 [BR][BH][BE][BA][BG][BA][BE][BH][BR]
1 [  ][  ][  ][  ][  ][  ][  ][  ][  ]
2 [  ][BC][  ][  ][  ][  ][  ][BC][  ]
3 [BS][  ][BS][  ][BS][  ][BS][  ][BS]
4 [  ][  ][  ][  ][  ][  ][  ][  ][  ]
5 [  ][  ][  ][  ][  ][  ][  ][  ][  ]
6 [RS][  ][RS][  ][RS][  ][RS][  ][RS]
7 [  ][RC][  ][  ][  ][  ][  ][RC][  ]
8 [  ][  ][  ][  ][  ][  ][  ][  ][  ]
9 [RR][RH][RE][RA][RG][RA][RE][RH][RR]

INFO main de.htwg.xiangqi.view.tui - 
1: Player Red, choose piece and point: 
INFO AWT-EventQueue-0 de.htwg.xiangqi.view.tui - 
   0   1   2   3   4   5   6   7   8
0 [BR][BH][BE][BA][BG][BA][BE][RC][BR]
1 [  ][  ][  ][  ][  ][  ][  ][  ][  ]
2 [  ][BC][  ][  ][  ][  ][  ][BC][  ]
3 [BS][  ][BS][  ][BS][  ][BS][  ][BS]
4 [  ][  ][  ][  ][  ][  ][  ][  ][  ]
5 [  ][  ][  ][  ][  ][  ][  ][  ][  ]
6 [RS][  ][RS][  ][RS][  ][RS][  ][RS]
7 [  ][RC][  ][  ][  ][  ][  ][  ][  ]
8 [  ][  ][  ][  ][  ][  ][  ][  ][  ]
9 [RR][RH][RE][RA][RG][RA][RE][RH][RR]

INFO AWT-EventQueue-0 de.htwg.xiangqi.view.tui - 
2: Player Black, choose piece and point: 
INFO main de.htwg.xiangqi.view.tui - 
   0   1   2   3   4   5   6   7   8
0 [BR][BH][BE][BA][BG][BA][BE][BH][BR]
1 [  ][  ][  ][  ][  ][  ][  ][  ][  ]
2 [  ][BC][  ][  ][  ][  ][  ][BC][  ]
3 [BS][  ][BS][  ][BS][  ][BS][  ][BS]
4 [  ][  ][  ][  ][  ][  ][  ][  ][  ]
5 [  ][  ][  ][  ][  ][  ][  ][  ][  ]
6 [RS][  ][RS][  ][RS][  ][RS][  ][RS]
7 [  ][RC][  ][  ][  ][  ][  ][RC][  ]
8 [  ][  ][  ][  ][  ][  ][  ][  ][  ]
9 [RR][RH][RE][RA][RG][RA][RE][RH][RR]

INFO main de.htwg.xiangqi.view.tui - 
1: Player Red, choose piece and point: 
INFO AWT-EventQueue-0 de.htwg.xiangqi.view.tui - 
   0   1   2   3   4   5   6   7   8
0 [BR][BH][BE][BA][BG][BA][BE][RC][BR]
1 [  ][  ][  ][  ][  ][  ][  ][  ][  ]
2 [  ][BC][  ][  ][  ][  ][  ][BC][  ]
3 [BS][  ][BS][  ][BS][  ][BS][  ][BS]
4 [  ][  ][  ][  ][  ][  ][  ][  ][  ]
5 [  ][  ][  ][  ][  ][  ][  ][  ][  ]
6 [RS][  ][RS][  ][RS][  ][RS][  ][RS]
7 [  ][RC][  ][  ][  ][  ][  ][  ][  ]
8 [  ][  ][  ][  ][  ][  ][  ][  ][  ]
9 [RR][RH][RE][RA][RG][RA][RE][RH][RR]

INFO AWT-EventQueue-0 de.htwg.xiangqi.view.tui - 
2: Player Black, choose piece and point: 
INFO main de.htwg.xiangqi.view.tui - 
   0   1   2   3   4   5   6   7   8
0 [BR][BH][BE][BA][BG][BA][BE][BH][BR]
1 [  ][  ][  ][  ][  ][  ][  ][  ][  ]
2 [  ][BC][  ][  ][  ][  ][  ][BC][  ]
3 [BS][  ][BS][  ][BS][  ][BS][  ][BS]
4 [  ][  ][  ][  ][  ][  ][  ][  ][  ]
5 [  ][  ][  ][  ][  ][  ][  ][  ][  ]
6 [RS][  ][RS][  ][RS][  ][RS][  ][RS]
7 [  ][RC][  ][  ][  ][  ][  ][RC][  ]
8 [  ][  ][  ][  ][  ][  ][  ][  ][  ]
9 [RR][RH][RE][RA][RG][RA][RE][RH][RR]

INFO main de.htwg.xiangqi.view.tui - 
1: Player Red, choose piece and point: 
INFO main de.htwg.xiangqi.view.tui - 
   0   1   2   3   4   5   6   7   8
0 [BR][BH][BE][BA][BG][BA][BE][BH][BR]
1 [  ][  ][  ][  ][  ][  ][  ][  ][  ]
2 [  ][BC][  ][  ][  ][  ][  ][BC][  ]
3 [BS][  ][BS][  ][BS][  ][BS][  ][BS]
4 [  ][  ][  ][  ][  ][  ][  ][  ][  ]
5 [  ][  ][  ][  ][  ][  ][  ][  ][  ]
6 [RS][  ][RS][  ][RS][  ][RS][  ][RS]
7 [  ][RC][  ][  ][  ][  ][  ][RC][  ]
8 [  ][  ][  ][  ][  ][  ][  ][  ][  ]
9 [RR][RH][RE][RA][RG][RA][RE][RH][RR]

INFO main de.htwg.xiangqi.view.tui - 
1: Player Red, choose piece and point: 
INFO main de.htwg.xiangqi.view.tui - 
   0   1   2   3   4   5   6   7   8
0 [BR][BH][BE][BA][BG][BA][BE][BH][BR]
1 [  ][  ][  ][  ][  ][  ][  ][  ][  ]
2 [  ][BC][  ][  ][  ][  ][  ][BC][  ]
3 [BS][  ][BS][  ][BS][  ][BS][  ][BS]
4 [  ][  ][  ][  ][  ][  ][  ][  ][  ]
5 [  ][  ][  ][  ][  ][  ][  ][  ][  ]
6 [RS][  ][RS][  ][RS][  ][RS][  ][RS]
7 [  ][RC][  ][  ][  ][  ][  ][RC][  ]
8 [  ][  ][  ][  ][  ][  ][  ][  ][  ]
9 [RR][RH][RE][RA][RG][RA][RE][RH][RR]

INFO main de.htwg.xiangqi.view.tui - 
1: Player Red, choose piece and point: 
INFO main de.htwg.xiangqi.view.tui - 
   0   1   2   3   4   5   6   7   8
0 [BR][BH][BE][BA][BG][BA][BE][BH][BR]
1 [  ][  ][  ][  ][  ][  ][  ][  ][  ]
2 [  ][BC][  ][  ][  ][  ][  ][BC][  ]
3 [BS][  ][BS][  ][BS][  ][BS][  ][BS]
4 [  ][  ][  ][  ][  ][  ][  ][  ][  ]
5 [  ][  ][  ][  ][  ][  ][  ][  ][  ]
6 [RS][  ][RS][  ][RS][  ][RS][  ][RS]
7 [  ][RC][  ][  ][  ][  ][  ][RC][  ]
8 [  ][  ][  ][  ][  ][  ][  ][  ][  ]
9 [RR][RH][RE][RA][RG][RA][RE][RH][RR]

INFO main de.htwg.xiangqi.view.tui - 
1: Player Red, choose piece and point: 
INFO main de.htwg.xiangqi.view.tui - 
   0   1   2   3   4   5   6   7   8
0 [BR][BH][BE][BA][BG][BA][BE][BH][BR]
1 [  ][  ][  ][  ][  ][  ][  ][  ][  ]
2 [  ][BC][  ][  ][  ][  ][  ][BC][  ]
3 [BS][  ][BS][  ][BS][  ][BS][  ][BS]
4 [  ][  ][  ][  ][  ][  ][  ][  ][  ]
5 [  ][  ][  ][  ][  ][  ][  ][  ][  ]
6 [RS][  ][RS][  ][RS][  ][RS][  ][RS]
7 [  ][RC][  ][  ][  ][  ][  ][RC][  ]
8 [  ][  ][  ][  ][  ][  ][  ][  ][  ]
9 [RR][RH][RE][RA][RG][RA][RE][RH][RR]

INFO main de.htwg.xiangqi.view.tui - 
1: Player Red, choose piece and point: 
INFO main de.htwg.xiangqi.view.tui - 
   0   1   2   3   4   5   6   7   8
0 [BR][BH][BE][BA][BG][BA][BE][BH][BR]
1 [  ][  ][  ][  ][  ][  ][  ][  ][  ]
2 [  ][BC][  ][  ][  ][  ][  ][BC][  ]
3 [BS][  ][BS][  ][BS][  ][BS][  ][BS]
4 [  ][  ][  ][  ][  ][  ][  ][  ][  ]
5 [  ][  ][  ][  ][  ][  ][  ][  ][  ]
6 [RS][  ][RS][  ][RS][  ][RS][  ][RS]
7 [  ][RC][  ][  ][  ][  ][  ][RC][  ]
8 [  ][  ][  ][  ][  ][  ][  ][  ][  ]
9 [RR][RH][RE][RA][RG][RA][RE][RH][RR]

INFO main de.htwg.xiangqi.view.tui - 
1: Player Red, choose piece and point: 
INFO AWT-EventQueue-0 de.htwg.xiangqi.view.tui - 
   0   1   2   3   4   5   6   7   8
0 [BR][BH][BE][BA][BG][BA][BE][BH][BR]
1 [  ][  ][  ][  ][  ][  ][  ][  ][  ]
2 [  ][BC][  ][  ][  ][  ][  ][BC][  ]
3 [BS][  ][BS][  ][BS][  ][BS][  ][BS]
4 [  ][  ][  ][  ][  ][  ][  ][  ][  ]
5 [  ][  ][  ][  ][  ][  ][  ][  ][  ]
6 [RS][  ][RS][  ][RS][  ][RS][  ][RS]
7 [  ][RC][  ][  ][  ][  ][RH][RC][  ]
8 [  ][  ][  ][  ][  ][  ][  ][  ][  ]
9 [RR][RH][RE][RA][RG][RA][RE][  ][RR]

INFO AWT-EventQueue-0 de.htwg.xiangqi.view.tui - 
2: Player Black, choose piece and point: 
INFO AWT-EventQueue-0 de.htwg.xiangqi.view.tui - 
   0   1   2   3   4   5   6   7   8
0 [BR][BH][BE][BA][BG][BA][BE][BH][BR]
1 [  ][  ][  ][  ][  ][  ][  ][  ][  ]
2 [  ][  ][  ][  ][  ][  ][  ][BC][  ]
3 [BS][  ][BS][  ][BS][  ][BS][  ][BS]
4 [  ][  ][  ][  ][  ][  ][  ][  ][  ]
5 [  ][  ][  ][  ][  ][  ][  ][  ][  ]
6 [RS][  ][RS][  ][RS][  ][RS][  ][RS]
7 [  ][RC][  ][  ][  ][  ][RH][RC][  ]
8 [  ][  ][  ][  ][  ][  ][  ][  ][  ]
9 [RR][BC][RE][RA][RG][RA][RE][  ][RR]

INFO AWT-EventQueue-0 de.htwg.xiangqi.view.tui - 
3: Player Red, choose piece and point: 
INFO AWT-EventQueue-0 de.htwg.xiangqi.view.tui - 
   0   1   2   3   4   5   6   7   8
0 [BR][BH][BE][BA][BG][BA][BE][BH][BR]
1 [  ][  ][  ][  ][  ][  ][  ][  ][  ]
2 [  ][  ][  ][  ][  ][  ][  ][BC][  ]
3 [BS][  ][BS][  ][BS][  ][BS][  ][BS]
4 [  ][  ][  ][  ][  ][  ][  ][  ][  ]
5 [  ][  ][  ][  ][  ][  ][  ][  ][  ]
6 [RS][  ][RS][  ][RS][  ][RS][  ][RS]
7 [  ][RC][  ][  ][  ][  ][RH][RC][  ]
8 [  ][  ][  ][  ][RG][  ][  ][  ][  ]
9 [RR][BC][RE][RA][  ][RA][RE][  ][RR]

INFO AWT-EventQueue-0 de.htwg.xiangqi.view.tui - 
4: Player Black, choose piece and point: 
INFO AWT-EventQueue-0 de.htwg.xiangqi.view.tui - 
   0   1   2   3   4   5   6   7   8
0 [  ][BH][BE][BA][BG][BA][BE][BH][BR]
1 [BR][  ][  ][  ][  ][  ][  ][  ][  ]
2 [  ][  ][  ][  ][  ][  ][  ][BC][  ]
3 [BS][  ][BS][  ][BS][  ][BS][  ][BS]
4 [  ][  ][  ][  ][  ][  ][  ][  ][  ]
5 [  ][  ][  ][  ][  ][  ][  ][  ][  ]
6 [RS][  ][RS][  ][RS][  ][RS][  ][RS]
7 [  ][RC][  ][  ][  ][  ][RH][RC][  ]
8 [  ][  ][  ][  ][RG][  ][  ][  ][  ]
9 [RR][BC][RE][RA][  ][RA][RE][  ][RR]

INFO AWT-EventQueue-0 de.htwg.xiangqi.view.tui - 
5: Player Red, choose piece and point: 
INFO AWT-EventQueue-0 de.htwg.xiangqi.view.tui - 
Input error (8 4 8 4):
Target point is not valid for this piece!

INFO AWT-EventQueue-0 de.htwg.xiangqi.view.tui - 
5: Player Red, choose piece and point: 
INFO AWT-EventQueue-0 de.htwg.xiangqi.view.tui - 
   0   1   2   3   4   5   6   7   8
0 [  ][BH][BE][BA][BG][BA][BE][BH][BR]
1 [BR][  ][  ][  ][  ][  ][  ][  ][  ]
2 [  ][  ][  ][  ][  ][  ][  ][BC][  ]
3 [BS][  ][BS][  ][BS][  ][BS][  ][BS]
4 [  ][  ][  ][  ][  ][  ][  ][  ][  ]
5 [  ][  ][  ][  ][  ][  ][  ][  ][  ]
6 [RS][  ][RS][  ][RS][  ][RS][  ][RS]
7 [RE][RC][  ][  ][  ][  ][RH][RC][  ]
8 [  ][  ][  ][  ][RG][  ][  ][  ][  ]
9 [RR][BC][  ][RA][  ][RA][RE][  ][RR]

INFO AWT-EventQueue-0 de.htwg.xiangqi.view.tui - 
6: Player Black, choose piece and point: 
INFO AWT-EventQueue-0 de.htwg.xiangqi.view.tui - 
   0   1   2   3   4   5   6   7   8
0 [  ][BH][BE][BA][BG][BA][BE][BH][BR]
1 [  ][  ][  ][BR][  ][  ][  ][  ][  ]
2 [  ][  ][  ][  ][  ][  ][  ][BC][  ]
3 [BS][  ][BS][  ][BS][  ][BS][  ][BS]
4 [  ][  ][  ][  ][  ][  ][  ][  ][  ]
5 [  ][  ][  ][  ][  ][  ][  ][  ][  ]
6 [RS][  ][RS][  ][RS][  ][RS][  ][RS]
7 [RE][RC][  ][  ][  ][  ][RH][RC][  ]
8 [  ][  ][  ][  ][RG][  ][  ][  ][  ]
9 [RR][BC][  ][RA][  ][RA][RE][  ][RR]

INFO AWT-EventQueue-0 de.htwg.xiangqi.view.tui - 
7: Player Red, choose piece and point: 
INFO AWT-EventQueue-0 de.htwg.xiangqi.view.tui - 
Input error (9 1 9 5):
Invalid choose of piece, choose your own piece!

INFO AWT-EventQueue-0 de.htwg.xiangqi.view.tui - 
7: Player Red, choose piece and point: 
INFO AWT-EventQueue-0 de.htwg.xiangqi.view.tui - 
Input error (8 4 8 4):
Target point is not valid for this piece!

INFO AWT-EventQueue-0 de.htwg.xiangqi.view.tui - 
7: Player Red, choose piece and point: 
INFO AWT-EventQueue-0 de.htwg.xiangqi.view.tui - 
Input error (8 3 8 3):
No piece on chosen point!

INFO AWT-EventQueue-0 de.htwg.xiangqi.view.tui - 
7: Player Red, choose piece and point: 
INFO AWT-EventQueue-0 de.htwg.xiangqi.view.tui - 
   0   1   2   3   4   5   6   7   8
0 [  ][BH][BE][BA][BG][BA][BE][BH][BR]
1 [  ][  ][  ][BR][  ][  ][  ][  ][  ]
2 [  ][  ][  ][  ][  ][  ][  ][BC][  ]
3 [BS][  ][BS][  ][BS][  ][BS][  ][BS]
4 [  ][  ][  ][  ][  ][  ][  ][  ][  ]
5 [  ][  ][  ][  ][  ][  ][  ][  ][  ]
6 [RS][  ][RS][  ][RS][  ][RS][  ][RS]
7 [RE][RC][  ][  ][  ][  ][RH][RC][  ]
8 [  ][  ][  ][RG][  ][  ][  ][  ][  ]
9 [RR][BC][  ][RA][  ][RA][RE][  ][RR]

INFO AWT-EventQueue-0 de.htwg.xiangqi.view.tui - 
8: Player Black, choose piece and point: 
INFO AWT-EventQueue-0 de.htwg.xiangqi.view.tui - 
   0   1   2   3   4   5   6   7   8
0 [  ][BH][BE][BA][BG][BA][BE][BH][BR]
1 [  ][  ][  ][  ][  ][  ][  ][  ][  ]
2 [  ][  ][  ][  ][  ][  ][  ][BC][  ]
3 [BS][  ][BS][  ][BS][  ][BS][  ][BS]
4 [  ][  ][  ][  ][  ][  ][  ][  ][  ]
5 [  ][  ][  ][  ][  ][  ][  ][  ][  ]
6 [RS][  ][RS][  ][RS][  ][RS][  ][RS]
7 [RE][RC][  ][  ][  ][  ][RH][RC][  ]
8 [  ][  ][  ][BR][  ][  ][  ][  ][  ]
9 [RR][BC][  ][RA][  ][RA][RE][  ][RR]

INFO AWT-EventQueue-0 de.htwg.xiangqi.view.tui - 
Congratulation player black, you are the winner!
